<?xml version="1.0" encoding="UTF-8"?>
<!-- Generated by org.testng.reporters.JUnitXMLReporter -->
<testsuite hostname="DESKTOP-GORB4NR" ignored="2" name="Personal loan" tests="38" failures="1" timestamp="02 Apr 2020 22:44:14 GMT" time="0.531" errors="0">
  <testcase name="BusinessLoanLinuxSignIn" time="0.033" classname="tests.Day5"/>
  <testcase name="CarLoanLinuxSignIn" time="0.005" classname="tests.Day5"/>
  <testcase name="FarmLoanLinuxSignIn" time="0.004" classname="tests.Day5"/>
  <testcase name="HolidayLoanLinuxSignIn" time="0.003" classname="tests.Day5"/>
  <testcase name="HomeLoanLinuxSignIn" time="0.003" classname="tests.Day5"/>
  <testcase name="InsuranceLoanLinuxSignIn" time="0.004" classname="tests.Day5"/>
  <testcase name="MortgageLoanLinuxSignIn" time="0.01" classname="tests.Day5"/>
  <testcase name="SchoolLoanLinuxSignIn" time="0.003" classname="tests.Day5"/>
  <testcase name="BusinessLoanMacSignIn" time="0.002" classname="tests.Day4"/>
  <testcase name="CarLoanMacSignIn" time="0.002" classname="tests.Day4"/>
  <testcase name="FarmLoanMacSignIn" time="0.003" classname="tests.Day4"/>
  <testcase name="HolidayLoanMacSignIn" time="0.002" classname="tests.Day4"/>
  <testcase name="HomeLoanMacSignIn" time="0.003" classname="tests.Day4"/>
  <testcase name="InsuranceLoanMacSignIn" time="0.004" classname="tests.Day4"/>
  <testcase name="MortgageLoanMacSignIn" time="0.007" classname="tests.Day4"/>
  <testcase name="SchoolLoanMacSignIn" time="0.005" classname="tests.Day4"/>
  <testcase name="BusinessLoanAPISignIn" time="0.003" classname="tests.Day3"/>
  <testcase name="CarLoanAPISignIn" time="0.004" classname="tests.Day3"/>
  <testcase name="FarmLoanAPISignIn" time="0.003" classname="tests.Day3"/>
  <testcase name="HolidayLoanAPISignIn" time="0.002" classname="tests.Day3"/>
  <testcase name="HomeLoanAPISignIn" time="0.007" classname="tests.Day3"/>
  <testcase name="InsuranceLoanAPISignIn" time="0.001" classname="tests.Day3"/>
  <testcase name="MortgageLoanAPISignIn" time="0.003" classname="tests.Day3"/>
  <testcase name="SchoolLoanAPISignIn" time="0.005" classname="tests.Day3"/>
  <testcase name="BusinessLoanMobileSignIn" time="0.001" classname="tests.Day2"/>
  <testcase name="CarLoanMobileSignIn" time="0.002" classname="tests.Day2"/>
  <testcase name="FarmLoanMobileSignIn" time="0.001" classname="tests.Day2"/>
  <testcase name="HolidayLoanMobileSignIn" time="0.005" classname="tests.Day2"/>
  <testcase name="InsuranceLoanMobileSignIn" time="0.002" classname="tests.Day2"/>
  <testcase name="MortgageLoanMobileSignIn" time="0.003" classname="tests.Day2"/>
  <testcase name="BusinessLoanWebSignIn" time="0.005" classname="tests.Day1"/>
  <testcase name="CarLoanWebSignIn" time="0.03" classname="tests.Day1"/>
  <testcase name="FarmLoanWebSignIn" time="0.003" classname="tests.Day1"/>
  <testcase name="HolidayLoanWebSignIn" time="0.056" classname="tests.Day1"/>
  <testcase name="InsuranceLoanWebSignIn" time="0.002" classname="tests.Day1"/>
  <testcase name="MortgageLoanWebSignIn" time="0.007" classname="tests.Day1">
    <failure type="java.lang.AssertionError" message="expected [true] but found [false]">
      <![CDATA[java.lang.AssertionError: expected [true] but found [false]
	at tests.Day1.MortgageLoanWebSignIn(Day1.java:45)
	at java.util.concurrent.FutureTask.run(Unknown Source)
	at java.util.concurrent.ThreadPoolExecutor.runWorker(Unknown Source)
	at java.util.concurrent.ThreadPoolExecutor$Worker.run(Unknown Source)
	at java.lang.Thread.run(Unknown Source)
... Removed 20 stack frames]]>
    </failure>
  </testcase> <!-- MortgageLoanWebSignIn -->
  <testcase name="SchoolLoanWebSignIn" time="0.002" classname="tests.Day1"/>
  <testcase name="SchoolLoanMobileSignIn" time="0.006" classname="tests.Day2"/>
  <testcase name="HomeLoanMobileSignIn" time="0.0" classname="tests.Day2">
    <ignored/>
  </testcase> <!-- HomeLoanMobileSignIn -->
  <testcase name="HomeLoanWebSignIn" time="0.0" classname="tests.Day1">
    <ignored/>
  </testcase> <!-- HomeLoanWebSignIn -->
</testsuite> <!-- Personal loan -->
